0 info it worked if it ends with ok
1 verbose cli [ '/Users/skymarshal/.nvm/versions/node/v5.11.1/bin/node',
1 verbose cli   '/Users/skymarshal/.nvm/versions/node/v5.11.1/bin/npm',
1 verbose cli   'start' ]
2 info using npm@3.8.6
3 info using node@v5.11.1
4 verbose run-script [ 'prestart', 'start', 'poststart' ]
5 info lifecycle lesson4@1.0.0~prestart: lesson4@1.0.0
6 silly lifecycle lesson4@1.0.0~prestart: no script for prestart, continuing
7 info lifecycle lesson4@1.0.0~start: lesson4@1.0.0
8 verbose lifecycle lesson4@1.0.0~start: unsafe-perm in lifecycle true
9 verbose lifecycle lesson4@1.0.0~start: PATH: /Users/skymarshal/.nvm/versions/node/v5.11.1/lib/node_modules/npm/bin/node-gyp-bin:/Users/skymarshal/MyProjects/SJ/DataManagement2/Lesson4/node_modules/.bin:/Users/skymarshal/.nvm/versions/node/v5.11.1/bin:/Users/skymarshal/.nvm/versions/node/v5.11.1/bin:/Users/skymarshal/.rvm/gems/ruby-2.2.1/bin:/Users/skymarshal/.rvm/gems/ruby-2.2.1@global/bin:/Users/skymarshal/.rvm/rubies/ruby-2.2.1/bin:/usr/local/sbin:/Users/skymarshal/local/node/bin:/usr/local/mysql/bin:/usr/local/maven/bin:/usr/local/bin:/usr/bin:/bin:/usr/sbin:/sbin:/opt/X11/bin:/usr/local/git/bin:/usr/local/MacGPG2/bin:/usr/local/play-2.2.2:/Library/TeX/texbin:/Users/skymarshal/.rvm/gems/ruby-2.2.1/bin:/Users/skymarshal/.rvm/gems/ruby-2.2.1@global/bin:/Users/skymarshal/.rvm/rubies/ruby-2.2.1/bin:/usr/local/sbin:/Users/skymarshal/local/node/bin:/usr/local/mysql/bin:/usr/local/maven/bin:/Users/skymarshal/Downloads/android-sdk-macosx/platform-tools:/Users/skymarshal/Downloads/android-sdk-macosx/tools:/Users/skymarshal/.rvm/bin:/Users/skymarshal/Downloads/android-sdk-macosx/platform-tools:/Users/skymarshal/Downloads/android-sdk-macosx/tools:/Users/skymarshal/.rvm/bin
10 verbose lifecycle lesson4@1.0.0~start: CWD: /Users/skymarshal/MyProjects/SJ/DataManagement2/Lesson4
11 silly lifecycle lesson4@1.0.0~start: Args: [ '-c', 'node ./bin/www' ]
12 silly lifecycle lesson4@1.0.0~start: Returned: code: 1  signal: null
13 info lifecycle lesson4@1.0.0~start: Failed to exec start script
14 verbose stack Error: lesson4@1.0.0 start: `node ./bin/www`
14 verbose stack Exit status 1
14 verbose stack     at EventEmitter.<anonymous> (/Users/skymarshal/.nvm/versions/node/v5.11.1/lib/node_modules/npm/lib/utils/lifecycle.js:239:16)
14 verbose stack     at emitTwo (events.js:100:13)
14 verbose stack     at EventEmitter.emit (events.js:185:7)
14 verbose stack     at ChildProcess.<anonymous> (/Users/skymarshal/.nvm/versions/node/v5.11.1/lib/node_modules/npm/lib/utils/spawn.js:24:14)
14 verbose stack     at emitTwo (events.js:100:13)
14 verbose stack     at ChildProcess.emit (events.js:185:7)
14 verbose stack     at maybeClose (internal/child_process.js:850:16)
14 verbose stack     at Process.ChildProcess._handle.onexit (internal/child_process.js:215:5)
15 verbose pkgid lesson4@1.0.0
16 verbose cwd /Users/skymarshal/MyProjects/SJ/DataManagement2/Lesson4
17 error Darwin 16.0.0
18 error argv "/Users/skymarshal/.nvm/versions/node/v5.11.1/bin/node" "/Users/skymarshal/.nvm/versions/node/v5.11.1/bin/npm" "start"
19 error node v5.11.1
20 error npm  v3.8.6
21 error code ELIFECYCLE
22 error lesson4@1.0.0 start: `node ./bin/www`
22 error Exit status 1
23 error Failed at the lesson4@1.0.0 start script 'node ./bin/www'.
23 error Make sure you have the latest version of node.js and npm installed.
23 error If you do, this is most likely a problem with the lesson4 package,
23 error not with npm itself.
23 error Tell the author that this fails on your system:
23 error     node ./bin/www
23 error You can get information on how to open an issue for this project with:
23 error     npm bugs lesson4
23 error Or if that isn't available, you can get their info via:
23 error     npm owner ls lesson4
23 error There is likely additional logging output above.
24 verbose exit [ 1, true ]
